<?xml version="1.0" encoding="UTF-8"?>
<!-- Generated by org.testng.reporters.JUnitXMLReporter -->
<testsuite ignored="0" hostname="Pandey" failures="0" tests="65" name="Test" time="145.186" errors="0" timestamp="2021-04-25T09:59:57 IST">
  <testcase classname="projects.Get_CountOfTotalNoOfProjects" name="CheckStatusCode" time="3.2"/>
  <testcase classname="projects.Get_ListAllProjects" name="Check_SuccessStatus" time="2.933"/>
  <testcase classname="release.Get_CountReleases" name="CountRealeasesOfExistingProjectKey" time="2.05"/>
  <testcase classname="release.Get_CountReleases" name="CountRealeasesOfExistingProjectKey" time="1.982"/>
  <testcase classname="release.Get_CountReleases" name="CountRealeasesOfNonExistingProjectKey" time="1.998"/>
  <testcase classname="projects.Post_CreateProject" name="CreateProjectWithExistingName" time="2.175"/>
  <testcase classname="projects.Post_CreateProject" name="CreateProjectWithNonExistingName" time="1.959"/>
  <testcase classname="release.Post_CreateNewRelease" name="CreateRelease_ExistingProjectKey" time="1.941"/>
  <testcase classname="release.Post_CreateNewRelease" name="CreateRelease_NonExistingProjectKey" time="2.021"/>
  <testcase classname="testCases.Post_CreateModule" name="ExistingModuleNameExistingKey" time="1.999"/>
  <testcase classname="testCases.Post_CreateTestCase" name="Existing_projectKey_Existing_sectionKey" time="2.161"/>
  <testcase classname="testCases.Post_CreateTestCase" name="Existing_projectKey_NonExisting_sectionKey" time="2.05"/>
  <testcase classname="testCases.Post_CreateTestCase" name="NonExisting_projectKey_Existing_sectionKey" time="2.042"/>
  <testcase classname="testCases.Post_CreateTestCase" name="NonExisting_projectKey_NonExisting_sectionKey" time="2.019"/>
  <testcase classname="testRuns.ListUsersInProject" name="REQ_09" time="1.865"/>
  <testcase classname="testRuns.ListUsersInProject" name="REQ_09" time="1.904"/>
  <testcase classname="requirements.CountRequirementForProject" name="REQ_19" time="2.159"/>
  <testcase classname="requirements.CountRequirementForProject" name="REQ_19" time="2.071"/>
  <testcase classname="testRuns.ListTestRunsResult" name="TC_005_TestRunResult" time="2.031"/>
  <testcase classname="testRuns.ListTestRunsResult" name="TC_005_TestRunResult" time="2.062"/>
  <testcase classname="testRuns.ListTestRunsStatus" name="TC_006_TestRuns_Status" time="2.025"/>
  <testcase classname="release.Get_CountReleases" name="ValidateCount" time="3.951"/>
  <testcase classname="release.Get_CountReleases" name="ValidateCount" time="3.933"/>
  <testcase classname="projects.Get_CountOfTotalNoOfProjects" name="validateCount" time="3.829"/>
  <testcase classname="testCases.Get_ListAllModulesOfProject" name="withExistingProjectKey" time="1.969"/>
  <testcase classname="testCases.Get_ListAllModulesOfProject" name="withExistingProjectKey" time="1.94"/>
  <testcase classname="testCases.Get_ListAllModulesOfProject" name="CheckSuccessTrue" time="0.001"/>
  <testcase classname="release.Get_ListAllReleasesOfProject" name="withExistingProjectKey" time="2.013"/>
  <testcase classname="release.Get_ListAllReleasesOfProject" name="withExistingProjectKey" time="1.948"/>
  <testcase classname="testCases.Get_CountOfTotalTestCasesOfProject" name="withExisting_projectKey" time="1.97"/>
  <testcase classname="testCases.Get_CountOfTotalTestCasesOfProject" name="withExisting_projectKey" time="1.945"/>
  <testcase classname="testCases.Get_ListAllTestCasesOfProject" name="withExisting_projectKey" time="1.959"/>
  <testcase classname="testCases.Get_ListAllTestCasesOfProject" name="withExisting_projectKey" time="1.946"/>
  <testcase classname="testCases.Get_ListAllModulesOfProject" name="withExisting_projectKey_HavingNoModules" time="2.008"/>
  <testcase classname="testCases.Get_CountOfTotalTestCasesOfProject" name="withExisting_projectKey_HavingNoTestCases" time="1.898"/>
  <testcase classname="testCases.Get_ListAllTestCasesOfProject" name="withExisting_projectKey_HavingNoTestCases" time="1.991"/>
  <testcase classname="testCases.Get_CountOfTotalTestCasesOfProject" name="withExisting_projectKey_ValidateCount" time="3.92"/>
  <testcase classname="testCases.Get_CountOfTotalTestCasesOfProject" name="withExisting_projectKey_ValidateCount" time="3.925"/>
  <testcase classname="release.Get_ListAllReleasesOfProject" name="withNonExistingProjectKey" time="1.929"/>
  <testcase classname="testCases.Get_CountOfTotalTestCasesOfProject" name="withNonExisting_projectKey" time="1.913"/>
  <testcase classname="testCases.Get_ListAllModulesOfProject" name="withNonExisting_projectKey" time="1.939"/>
  <testcase classname="testCases.Get_ListAllTestCasesOfProject" name="withNonExisting_projectKey" time="1.885"/>
  <testcase classname="testCases.Post_CreateModule" name="NonExistingModuleNameExistingKey" time="2.021"/>
  <testcase classname="testRuns.CountTestRuns" name="TC_001_CountTestRun" time="2.169"/>
  <testcase classname="testRuns.ListTestRuns" name="TC_003_TestRuns" time="2.038"/>
  <testcase classname="testRuns.UpdateTestRunStatus" name="TC_007_UpdateRunStatus" time="2.236"/>
  <testcase classname="testRuns.CountTestRuns" name="TC_002CountTestRun" time="1.339"/>
  <testcase classname="testRuns.ListTestRuns" name="TC_004_TestRuns" time="1.652"/>
  <testcase classname="testCases.Post_CreateModule" name="ExistingModuleNameNonExistingKey" time="2.02"/>
  <testcase classname="testCases.Post_CreateModule" name="NonExistingModuleNameNonExistingKey" time="1.957"/>
  <testcase classname="testRuns.UpdateTestRunStatus" name="TC_008_UpdateInvalidRunStatus" time="2.146"/>
  <testcase classname="testRuns.CreateTestRun" name="REQ_09" time="6.57"/>
  <testcase classname="defects.ListDefectStatus" name="REQ_11" time="1.948"/>
  <testcase classname="defects.ListSeverityForDefects" name="REQ_12" time="2.044"/>
  <testcase classname="defects.ListIssueTypeForDefects" name="REQ_13" time="2.014"/>
  <testcase classname="defects.ListAvailableDefectPriority" name="REQ_14" time="2.013"/>
  <testcase classname="defects.CountDefectsInProject$ListAvailableDefectPriority" name="REQ_15" time="1.974"/>
  <testcase classname="defects.CreateDefect" name="REQ_16" time="2.544"/>
  <testcase classname="defects.CreateDefect" name="REQ_17" time="2.121"/>
  <testcase classname="requirements.ListRequirementsForProject" name="REQ_18" time="2.091"/>
  <testcase classname="requirements.ListRequirementsForProject" name="REQ_19Fail" time="1.993"/>
  <testcase classname="requirements.CreateRequirementDoc" name="REQ_21" time="2.145"/>
  <testcase classname="requirements.ListRequirementDocs" name="REQ_21" time="2.016"/>
  <testcase classname="requirements.ListRequirementDocs" name="REQ_21" time="2.075"/>
  <testcase classname="requirements.CreateNewRequirement" name="REQ_22" time="2.327"/>
</testsuite> <!-- Test -->
