<?xml version="1.0" encoding="UTF-8"?>
<!-- Generated by org.testng.reporters.JUnitXMLReporter -->
<testsuite ignored="0" hostname="Pandey" failures="0" tests="12" name="2nd" time="28.861" errors="0" timestamp="2021-04-25T11:49:59 IST">
  <testcase classname="testRuns.ListUsersInProject" name="REQ_09" time="2.19"/>
  <testcase classname="testRuns.ListUsersInProject" name="REQ_09" time="2.151"/>
  <testcase classname="testRuns.ListTestRunsResult" name="TC_005_TestRunResult" time="2.426"/>
  <testcase classname="testRuns.ListTestRunsResult" name="TC_005_TestRunResult" time="2.448"/>
  <testcase classname="testRuns.ListTestRunsStatus" name="TC_006_TestRuns_Status" time="2.39"/>
  <testcase classname="testRuns.CountTestRuns" name="TC_001_CountTestRun" time="2.427"/>
  <testcase classname="testRuns.ListTestRuns" name="TC_003_TestRuns" time="2.477"/>
  <testcase classname="testRuns.UpdateTestRunStatus" name="TC_007_UpdateRunStatus" time="2.675"/>
  <testcase classname="testRuns.CountTestRuns" name="TC_002CountTestRun" time="1.689"/>
  <testcase classname="testRuns.ListTestRuns" name="TC_004_TestRuns" time="2.052"/>
  <testcase classname="testRuns.UpdateTestRunStatus" name="TC_008_UpdateInvalidRunStatus" time="2.589"/>
  <testcase classname="testRuns.CreateTestRun" name="REQ_09" time="3.288"/>
</testsuite> <!-- 2nd -->
