<?xml version="1.0" encoding="UTF-8"?>
<!-- Generated by org.testng.reporters.JUnitXMLReporter -->
<testsuite ignored="0" hostname="Pandey" failures="0" tests="7" name="Defects_Functionality_Test" time="17.837" errors="0" timestamp="2021-04-25T11:57:03 IST">
  <testcase classname="defects.CountDefectsInProject$ListAvailableDefectPriority" name="REQ_15" time="2.529"/>
  <testcase classname="defects.CreateDefect" name="REQ_16" time="2.92"/>
  <testcase classname="defects.CreateDefect" name="REQ_17" time="2.553"/>
  <testcase classname="defects.ListAvailableDefectPriority" name="REQ_14" time="2.429"/>
  <testcase classname="defects.ListDefectStatus" name="REQ_11" time="2.362"/>
  <testcase classname="defects.ListIssueTypeForDefects" name="REQ_13" time="2.459"/>
  <testcase classname="defects.ListSeverityForDefects" name="REQ_12" time="2.567"/>
</testsuite> <!-- Defects_Functionality_Test -->
