<?xml version="1.0" encoding="UTF-8"?>
<!-- Generated by org.testng.reporters.JUnitXMLReporter -->
<testsuite ignored="0" hostname="Pandey" failures="0" tests="5" name="Functionality_Test" time="16.335" errors="0" timestamp="2021-04-25T11:49:30 IST">
  <testcase classname="projects.Get_CountOfTotalNoOfProjects" name="CheckStatusCode" time="3.622"/>
  <testcase classname="projects.Get_CountOfTotalNoOfProjects" name="validateCount" time="5.379"/>
  <testcase classname="projects.Get_ListAllProjects" name="Check_SuccessStatus" time="2.325"/>
  <testcase classname="projects.Post_CreateProject" name="CreateProjectWithExistingName" time="2.485"/>
  <testcase classname="projects.Post_CreateProject" name="CreateProjectWithNonExistingName" time="2.47"/>
</testsuite> <!-- Functionality_Test -->
