<?xml version="1.0" encoding="UTF-8"?>
<!-- Generated by org.testng.reporters.JUnitXMLReporter -->
<testsuite ignored="0" hostname="Pandey" failures="0" tests="10" name="Release_Functionality_Test" time="27.913" errors="0" timestamp="2021-04-25T11:56:17 IST">
  <testcase classname="release.Get_CountReleases" name="CountRealeasesOfExistingProjectKey" time="2.268"/>
  <testcase classname="release.Get_CountReleases" name="CountRealeasesOfExistingProjectKey" time="2.248"/>
  <testcase classname="release.Get_CountReleases" name="CountRealeasesOfNonExistingProjectKey" time="2.278"/>
  <testcase classname="release.Get_CountReleases" name="ValidateCount" time="4.761"/>
  <testcase classname="release.Get_CountReleases" name="ValidateCount" time="4.654"/>
  <testcase classname="release.Get_ListAllReleasesOfProject" name="withExistingProjectKey" time="2.349"/>
  <testcase classname="release.Get_ListAllReleasesOfProject" name="withExistingProjectKey" time="2.367"/>
  <testcase classname="release.Get_ListAllReleasesOfProject" name="withNonExistingProjectKey" time="2.334"/>
  <testcase classname="release.Post_CreateNewRelease" name="CreateRelease_ExistingProjectKey" time="2.324"/>
  <testcase classname="release.Post_CreateNewRelease" name="CreateRelease_NonExistingProjectKey" time="2.296"/>
</testsuite> <!-- Release_Functionality_Test -->
