<?xml version="1.0" encoding="UTF-8"?>
<!-- Generated by org.testng.reporters.JUnitXMLReporter -->
<testsuite ignored="0" hostname="Pandey" failures="0" tests="8" name="Requirements_Functionality_Test" time="19.734" errors="0" timestamp="2021-04-25T11:57:23 IST">
  <testcase classname="requirements.CountRequirementForProject" name="REQ_19" time="2.225"/>
  <testcase classname="requirements.CountRequirementForProject" name="REQ_19" time="2.438"/>
  <testcase classname="requirements.CreateNewRequirement" name="REQ_22" time="2.833"/>
  <testcase classname="requirements.CreateRequirementDoc" name="REQ_21" time="2.552"/>
  <testcase classname="requirements.ListRequirementDocs" name="REQ_21" time="2.421"/>
  <testcase classname="requirements.ListRequirementDocs" name="REQ_21" time="2.477"/>
  <testcase classname="requirements.ListRequirementsForProject" name="REQ_18" time="2.405"/>
  <testcase classname="requirements.ListRequirementsForProject" name="REQ_19Fail" time="2.347"/>
</testsuite> <!-- Requirements_Functionality_Test -->
