<?xml version="1.0" encoding="UTF-8"?>
<!-- Generated by org.testng.reporters.JUnitXMLReporter -->
<testsuite ignored="0" hostname="Pandey" failures="0" tests="23" name="TestCases_Functionality_Test" time="58.019" errors="0" timestamp="2021-04-25T11:55:49 IST">
  <testcase classname="testCases.Get_CountOfTotalTestCasesOfProject" name="withExisting_projectKey" time="2.35"/>
  <testcase classname="testCases.Get_CountOfTotalTestCasesOfProject" name="withExisting_projectKey" time="2.35"/>
  <testcase classname="testCases.Get_CountOfTotalTestCasesOfProject" name="withExisting_projectKey_HavingNoTestCases" time="2.286"/>
  <testcase classname="testCases.Get_CountOfTotalTestCasesOfProject" name="withExisting_projectKey_ValidateCount" time="4.69"/>
  <testcase classname="testCases.Get_CountOfTotalTestCasesOfProject" name="withExisting_projectKey_ValidateCount" time="4.884"/>
  <testcase classname="testCases.Get_CountOfTotalTestCasesOfProject" name="withNonExisting_projectKey" time="2.46"/>
  <testcase classname="testCases.Get_ListAllModulesOfProject" name="withExistingProjectKey" time="2.481"/>
  <testcase classname="testCases.Get_ListAllModulesOfProject" name="withExistingProjectKey" time="2.354"/>
  <testcase classname="testCases.Get_ListAllModulesOfProject" name="CheckSuccessTrue" time="0.002"/>
  <testcase classname="testCases.Get_ListAllModulesOfProject" name="withExisting_projectKey_HavingNoModules" time="2.332"/>
  <testcase classname="testCases.Get_ListAllModulesOfProject" name="withNonExisting_projectKey" time="2.359"/>
  <testcase classname="testCases.Get_ListAllTestCasesOfProject" name="withExisting_projectKey" time="2.331"/>
  <testcase classname="testCases.Get_ListAllTestCasesOfProject" name="withExisting_projectKey" time="2.351"/>
  <testcase classname="testCases.Get_ListAllTestCasesOfProject" name="withExisting_projectKey_HavingNoTestCases" time="2.265"/>
  <testcase classname="testCases.Get_ListAllTestCasesOfProject" name="withNonExisting_projectKey" time="2.458"/>
  <testcase classname="testCases.Post_CreateModule" name="ExistingModuleNameExistingKey" time="2.777"/>
  <testcase classname="testCases.Post_CreateModule" name="NonExistingModuleNameExistingKey" time="2.429"/>
  <testcase classname="testCases.Post_CreateModule" name="ExistingModuleNameNonExistingKey" time="2.48"/>
  <testcase classname="testCases.Post_CreateModule" name="NonExistingModuleNameNonExistingKey" time="2.481"/>
  <testcase classname="testCases.Post_CreateTestCase" name="Existing_projectKey_Existing_sectionKey" time="2.405"/>
  <testcase classname="testCases.Post_CreateTestCase" name="Existing_projectKey_NonExisting_sectionKey" time="2.475"/>
  <testcase classname="testCases.Post_CreateTestCase" name="NonExisting_projectKey_Existing_sectionKey" time="2.447"/>
  <testcase classname="testCases.Post_CreateTestCase" name="NonExisting_projectKey_NonExisting_sectionKey" time="2.467"/>
</testsuite> <!-- TestCases_Functionality_Test -->
