<?xml version="1.0" encoding="UTF-8"?>
<!-- Generated by org.testng.reporters.JUnitXMLReporter -->
<testsuite ignored="0" hostname="Pandey" failures="0" tests="12" name="TestRuns_Functionality_Test" time="28.476" errors="0" timestamp="2021-04-25T11:56:45 IST">
  <testcase classname="testRuns.ListUsersInProject" name="REQ_09" time="2.222"/>
  <testcase classname="testRuns.ListUsersInProject" name="REQ_09" time="2.192"/>
  <testcase classname="testRuns.ListTestRunsResult" name="TC_005_TestRunResult" time="2.386"/>
  <testcase classname="testRuns.ListTestRunsResult" name="TC_005_TestRunResult" time="2.349"/>
  <testcase classname="testRuns.ListTestRunsStatus" name="TC_006_TestRuns_Status" time="2.278"/>
  <testcase classname="testRuns.CountTestRuns" name="TC_001_CountTestRun" time="2.447"/>
  <testcase classname="testRuns.ListTestRuns" name="TC_003_TestRuns" time="2.463"/>
  <testcase classname="testRuns.UpdateTestRunStatus" name="TC_007_UpdateRunStatus" time="2.574"/>
  <testcase classname="testRuns.CountTestRuns" name="TC_002CountTestRun" time="1.692"/>
  <testcase classname="testRuns.ListTestRuns" name="TC_004_TestRuns" time="1.941"/>
  <testcase classname="testRuns.UpdateTestRunStatus" name="TC_008_UpdateInvalidRunStatus" time="2.506"/>
  <testcase classname="testRuns.CreateTestRun" name="REQ_09" time="3.378"/>
</testsuite> <!-- TestRuns_Functionality_Test -->
